Release 14.7 - xst P.20131013 (nt64)
Copyright (c) 1995-2013 Xilinx, Inc.  All rights reserved.
--> Parameter TMPDIR set to xst/projnav.tmp


Total REAL time to Xst completion: 0.00 secs
Total CPU time to Xst completion: 0.13 secs
 
--> Parameter xsthdpdir set to xst


Total REAL time to Xst completion: 0.00 secs
Total CPU time to Xst completion: 0.13 secs
 
--> Reading design: MeMIO.prj

TABLE OF CONTENTS
  1) Synthesis Options Summary
  2) HDL Compilation
  3) Design Hierarchy Analysis
  4) HDL Analysis
  5) HDL Synthesis
     5.1) HDL Synthesis Report
  6) Advanced HDL Synthesis
     6.1) Advanced HDL Synthesis Report
  7) Low Level Synthesis
  8) Partition Report
  9) Final Report
	9.1) Device utilization summary
	9.2) Partition Resource Summary
	9.3) TIMING REPORT


=========================================================================
*                      Synthesis Options Summary                        *
=========================================================================
---- Source Parameters
Input File Name                    : "MeMIO.prj"
Input Format                       : mixed
Ignore Synthesis Constraint File   : NO

---- Target Parameters
Output File Name                   : "MeMIO"
Output Format                      : NGC
Target Device                      : xc3s100e-5-cp132

---- Source Options
Top Module Name                    : MeMIO
Automatic FSM Extraction           : YES
FSM Encoding Algorithm             : Auto
Safe Implementation                : No
FSM Style                          : LUT
RAM Extraction                     : Yes
RAM Style                          : Auto
ROM Extraction                     : Yes
Mux Style                          : Auto
Decoder Extraction                 : YES
Priority Encoder Extraction        : Yes
Shift Register Extraction          : YES
Logical Shifter Extraction         : YES
XOR Collapsing                     : YES
ROM Style                          : Auto
Mux Extraction                     : Yes
Resource Sharing                   : YES
Asynchronous To Synchronous        : NO
Multiplier Style                   : Auto
Automatic Register Balancing       : No

---- Target Options
Add IO Buffers                     : YES
Global Maximum Fanout              : 500
Add Generic Clock Buffer(BUFG)     : 24
Register Duplication               : YES
Slice Packing                      : YES
Optimize Instantiated Primitives   : NO
Use Clock Enable                   : Yes
Use Synchronous Set                : Yes
Use Synchronous Reset              : Yes
Pack IO Registers into IOBs        : Auto
Equivalent register Removal        : YES

---- General Options
Optimization Goal                  : Speed
Optimization Effort                : 1
Keep Hierarchy                     : No
Netlist Hierarchy                  : As_Optimized
RTL Output                         : Yes
Global Optimization                : AllClockNets
Read Cores                         : YES
Write Timing Constraints           : NO
Cross Clock Analysis               : NO
Hierarchy Separator                : /
Bus Delimiter                      : <>
Case Specifier                     : Maintain
Slice Utilization Ratio            : 100
BRAM Utilization Ratio             : 100
Verilog 2001                       : YES
Auto BRAM Packing                  : NO
Slice Utilization Ratio Delta      : 5

=========================================================================


=========================================================================
*                          HDL Compilation                              *
=========================================================================
Compiling vhdl file "C:/Xilinx/Lab6/Dflipflop.vhd" in Library work.
Architecture behavioral of Entity dflipflop is up to date.
Compiling vhdl file "C:/Xilinx/Lab6/zero_ex.vhd" in Library work.
Architecture behavioral of Entity zero_ex is up to date.
Compiling vhdl file "C:/Xilinx/Lab6/MUX2to1_32bit.vhd" in Library work.
Architecture behavioral of Entity mux2to1_32bit is up to date.
Compiling vhdl file "C:/Xilinx/Lab6/Mem_Control.vhd" in Library work.
Architecture behavioral of Entity mem_control is up to date.
Compiling vhdl file "C:/Xilinx/Lab6/PC.vhd" in Library work.
Architecture behavioral of Entity pc is up to date.
Compiling vhdl file "C:/Xilinx/Lab6/MeMIO.vhf" in Library work.
Entity <MeMIO> compiled.
Entity <MeMIO> (Architecture <BEHAVIORAL>) compiled.

=========================================================================
*                     Design Hierarchy Analysis                         *
=========================================================================
Analyzing hierarchy for entity <MeMIO> in library <work> (architecture <BEHAVIORAL>).

Analyzing hierarchy for entity <zero_ex> in library <work> (architecture <behavioral>).

Analyzing hierarchy for entity <MUX2to1_32bit> in library <work> (architecture <behavioral>).

Analyzing hierarchy for entity <Mem_Control> in library <work> (architecture <behavioral>).

Analyzing hierarchy for entity <PC> in library <work> (architecture <behavioral>).

Analyzing hierarchy for entity <Dflipflop> in library <work> (architecture <behavioral>).


=========================================================================
*                            HDL Analysis                               *
=========================================================================
Analyzing Entity <MeMIO> in library <work> (Architecture <BEHAVIORAL>).
Entity <MeMIO> analyzed. Unit <MeMIO> generated.

Analyzing Entity <zero_ex> in library <work> (Architecture <behavioral>).
Entity <zero_ex> analyzed. Unit <zero_ex> generated.

Analyzing Entity <MUX2to1_32bit> in library <work> (Architecture <behavioral>).
Entity <MUX2to1_32bit> analyzed. Unit <MUX2to1_32bit> generated.

Analyzing Entity <Mem_Control> in library <work> (Architecture <behavioral>).
Entity <Mem_Control> analyzed. Unit <Mem_Control> generated.

Analyzing Entity <PC> in library <work> (Architecture <behavioral>).
Entity <PC> analyzed. Unit <PC> generated.

Analyzing Entity <Dflipflop> in library <work> (Architecture <behavioral>).
Entity <Dflipflop> analyzed. Unit <Dflipflop> generated.


=========================================================================
*                           HDL Synthesis                               *
=========================================================================

Performing bidirectional port resolution...

Synthesizing Unit <zero_ex>.
    Related source file is "C:/Xilinx/Lab6/zero_ex.vhd".
Unit <zero_ex> synthesized.


Synthesizing Unit <MUX2to1_32bit>.
    Related source file is "C:/Xilinx/Lab6/MUX2to1_32bit.vhd".
Unit <MUX2to1_32bit> synthesized.


Synthesizing Unit <Mem_Control>.
    Related source file is "C:/Xilinx/Lab6/Mem_Control.vhd".
Unit <Mem_Control> synthesized.


Synthesizing Unit <Dflipflop>.
    Related source file is "C:/Xilinx/Lab6/Dflipflop.vhd".
    Found 1-bit register for signal <Qint>.
    Summary:
	inferred   1 D-type flip-flop(s).
Unit <Dflipflop> synthesized.


Synthesizing Unit <PC>.
    Related source file is "C:/Xilinx/Lab6/PC.vhd".
Unit <PC> synthesized.


Synthesizing Unit <MeMIO>.
    Related source file is "C:/Xilinx/Lab6/MeMIO.vhf".
Unit <MeMIO> synthesized.


=========================================================================
HDL Synthesis Report

Macro Statistics
# Registers                                            : 32
 1-bit register                                        : 32

=========================================================================

=========================================================================
*                       Advanced HDL Synthesis                          *
=========================================================================


=========================================================================
Advanced HDL Synthesis Report

Macro Statistics
# Registers                                            : 32
 Flip-Flops                                            : 32

=========================================================================

=========================================================================
*                         Low Level Synthesis                           *
=========================================================================

Optimizing unit <MeMIO> ...

Optimizing unit <PC> ...

Mapping all equations...
Building and optimizing final netlist ...
Found area constraint ratio of 100 (+ 5) on block MeMIO, actual ratio is 2.

Final Macro Processing ...

=========================================================================
Final Register Report

Macro Statistics
# Registers                                            : 32
 Flip-Flops                                            : 32

=========================================================================

=========================================================================
*                           Partition Report                            *
=========================================================================

Partition Implementation Status
-------------------------------

  No Partitions were found in this design.

-------------------------------

=========================================================================
*                            Final Report                               *
=========================================================================
Final Results
RTL Top Level Output File Name     : MeMIO.ngr
Top Level Output File Name         : MeMIO
Output Format                      : NGC
Optimization Goal                  : Speed
Keep Hierarchy                     : No

Design Statistics
# IOs                              : 176

Cell Usage :
# BELS                             : 54
#      GND                         : 1
#      LUT3                        : 10
#      LUT4                        : 33
#      MUXCY                       : 9
#      VCC                         : 1
# FlipFlops/Latches                : 32
#      FDCE                        : 32
# Clock Buffers                    : 1
#      BUFGP                       : 1
# IO Buffers                       : 175
#      IBUF                        : 111
#      OBUF                        : 64
=========================================================================

Device utilization summary:
---------------------------

Selected Device : 3s100ecp132-5 

 Number of Slices:                       25  out of    960     2%  
 Number of 4 input LUTs:                 43  out of   1920     2%  
 Number of IOs:                         176
 Number of bonded IOBs:                 176  out of     83   212% (*) 
    IOB Flip Flops:                      32
 Number of GCLKs:                         1  out of     24     4%  

WARNING:Xst:1336 -  (*) More than 100% of Device resources are used

---------------------------
Partition Resource Summary:
---------------------------

  No Partitions were found in this design.

---------------------------


=========================================================================
TIMING REPORT

NOTE: THESE TIMING NUMBERS ARE ONLY A SYNTHESIS ESTIMATE.
      FOR ACCURATE TIMING INFORMATION PLEASE REFER TO THE TRACE REPORT
      GENERATED AFTER PLACE-and-ROUTE.

Clock Information:
------------------
-----------------------------------+------------------------+-------+
Clock Signal                       | Clock buffer(FF name)  | Load  |
-----------------------------------+------------------------+-------+
Clock                              | BUFGP                  | 32    |
-----------------------------------+------------------------+-------+

Asynchronous Control Signals Information:
----------------------------------------
-----------------------------------+------------------------+-------+
Control Signal                     | Buffer(FF name)        | Load  |
-----------------------------------+------------------------+-------+
Reset                              | IBUF                   | 32    |
-----------------------------------+------------------------+-------+

Timing Summary:
---------------
Speed Grade: -5

   Minimum period: No path found
   Minimum input arrival time before clock: 6.782ns
   Maximum output required time after clock: 4.040ns
   Maximum combinational path delay: 10.038ns

Timing Detail:
--------------
All values displayed in nanoseconds (ns)

=========================================================================
Timing constraint: Default OFFSET IN BEFORE for Clock 'Clock'
  Total number of paths / destination ports: 1248 / 64
-------------------------------------------------------------------------
Offset:              6.782ns (Levels of Logic = 12)
  Source:            Alu_out<20> (PAD)
  Destination:       XLXI_8/PC[0].u1/Qint (FF)
  Destination Clock: Clock rising

  Data Path: Alu_out<20> to XLXI_8/PC[0].u1/Qint
                                Gate     Net
    Cell:in->out      fanout   Delay   Delay  Logical Name (Net Name)
    ----------------------------------------  ------------
     IBUF:I->O             1   1.106   0.509  Alu_out_20_IBUF (Alu_out_20_IBUF)
     LUT4:I0->O            1   0.612   0.000  XLXI_7/Mux_Sel_and00001_wg_lut<0> (XLXI_7/Mux_Sel_and00001_wg_lut<0>)
     MUXCY:S->O            1   0.404   0.000  XLXI_7/Mux_Sel_and00001_wg_cy<0> (XLXI_7/Mux_Sel_and00001_wg_cy<0>)
     MUXCY:CI->O           1   0.051   0.000  XLXI_7/Mux_Sel_and00001_wg_cy<1> (XLXI_7/Mux_Sel_and00001_wg_cy<1>)
     MUXCY:CI->O           1   0.051   0.000  XLXI_7/Mux_Sel_and00001_wg_cy<2> (XLXI_7/Mux_Sel_and00001_wg_cy<2>)
     MUXCY:CI->O           1   0.051   0.000  XLXI_7/Mux_Sel_and00001_wg_cy<3> (XLXI_7/Mux_Sel_and00001_wg_cy<3>)
     MUXCY:CI->O           1   0.052   0.000  XLXI_7/Mux_Sel_and00001_wg_cy<4> (XLXI_7/Mux_Sel_and00001_wg_cy<4>)
     MUXCY:CI->O           1   0.052   0.000  XLXI_7/Mux_Sel_and00001_wg_cy<5> (XLXI_7/Mux_Sel_and00001_wg_cy<5>)
     MUXCY:CI->O           1   0.052   0.000  XLXI_7/Mux_Sel_and00001_wg_cy<6> (XLXI_7/Mux_Sel_and00001_wg_cy<6>)
     MUXCY:CI->O           1   0.052   0.000  XLXI_7/Mux_Sel_and00001_wg_cy<7> (XLXI_7/Mux_Sel_and00001_wg_cy<7>)
     MUXCY:CI->O          26   0.399   1.223  XLXI_7/Mux_Sel_and00001_wg_cy<8> (N01)
     LUT3:I0->O           32   0.612   1.073  XLXI_7/PC_En_and00001 (XLXN_55)
     FDCE:CE                   0.483          XLXI_8/PC[31].u1/Qint
    ----------------------------------------
    Total                      6.782ns (3.977ns logic, 2.805ns route)
                                       (58.6% logic, 41.4% route)

=========================================================================
Timing constraint: Default OFFSET OUT AFTER for Clock 'Clock'
  Total number of paths / destination ports: 32 / 32
-------------------------------------------------------------------------
Offset:              4.040ns (Levels of Logic = 1)
  Source:            XLXI_8/PC[31].u1/Qint (FF)
  Destination:       Dout<31> (PAD)
  Source Clock:      Clock rising

  Data Path: XLXI_8/PC[31].u1/Qint to Dout<31>
                                Gate     Net
    Cell:in->out      fanout   Delay   Delay  Logical Name (Net Name)
    ----------------------------------------  ------------
     FDCE:C->Q             1   0.514   0.357  XLXI_8/PC[31].u1/Qint (XLXI_8/PC[31].u1/Qint)
     OBUF:I->O                 3.169          Dout_31_OBUF (Dout<31>)
    ----------------------------------------
    Total                      4.040ns (3.683ns logic, 0.357ns route)
                                       (91.2% logic, 8.8% route)

=========================================================================
Timing constraint: Default path analysis
  Total number of paths / destination ports: 1256 / 32
-------------------------------------------------------------------------
Delay:               10.038ns (Levels of Logic = 14)
  Source:            Alu_out<20> (PAD)
  Destination:       MUXin<7> (PAD)

  Data Path: Alu_out<20> to MUXin<7>
                                Gate     Net
    Cell:in->out      fanout   Delay   Delay  Logical Name (Net Name)
    ----------------------------------------  ------------
     IBUF:I->O             1   1.106   0.509  Alu_out_20_IBUF (Alu_out_20_IBUF)
     LUT4:I0->O            1   0.612   0.000  XLXI_7/Mux_Sel_and00001_wg_lut<0> (XLXI_7/Mux_Sel_and00001_wg_lut<0>)
     MUXCY:S->O            1   0.404   0.000  XLXI_7/Mux_Sel_and00001_wg_cy<0> (XLXI_7/Mux_Sel_and00001_wg_cy<0>)
     MUXCY:CI->O           1   0.051   0.000  XLXI_7/Mux_Sel_and00001_wg_cy<1> (XLXI_7/Mux_Sel_and00001_wg_cy<1>)
     MUXCY:CI->O           1   0.051   0.000  XLXI_7/Mux_Sel_and00001_wg_cy<2> (XLXI_7/Mux_Sel_and00001_wg_cy<2>)
     MUXCY:CI->O           1   0.051   0.000  XLXI_7/Mux_Sel_and00001_wg_cy<3> (XLXI_7/Mux_Sel_and00001_wg_cy<3>)
     MUXCY:CI->O           1   0.051   0.000  XLXI_7/Mux_Sel_and00001_wg_cy<4> (XLXI_7/Mux_Sel_and00001_wg_cy<4>)
     MUXCY:CI->O           1   0.051   0.000  XLXI_7/Mux_Sel_and00001_wg_cy<5> (XLXI_7/Mux_Sel_and00001_wg_cy<5>)
     MUXCY:CI->O           1   0.051   0.000  XLXI_7/Mux_Sel_and00001_wg_cy<6> (XLXI_7/Mux_Sel_and00001_wg_cy<6>)
     MUXCY:CI->O           1   0.051   0.000  XLXI_7/Mux_Sel_and00001_wg_cy<7> (XLXI_7/Mux_Sel_and00001_wg_cy<7>)
     MUXCY:CI->O          26   0.399   1.101  XLXI_7/Mux_Sel_and00001_wg_cy<8> (N01)
     LUT3:I2->O            8   0.612   0.795  XLXI_7/Mux_Sel_and00001 (XLXI_7/Mux_Sel_and0000)
     LUT3:I0->O            1   0.612   0.357  XLXI_3/C<7>1 (MUXin_7_OBUF)
     OBUF:I->O                 3.169          MUXin_7_OBUF (MUXin<7>)
    ----------------------------------------
    Total                     10.038ns (7.275ns logic, 2.763ns route)
                                       (72.5% logic, 27.5% route)

=========================================================================


Total REAL time to Xst completion: 8.00 secs
Total CPU time to Xst completion: 8.33 secs
 
--> 

Total memory usage is 307596 kilobytes

Number of errors   :    0 (   0 filtered)
Number of warnings :    1 (   0 filtered)
Number of infos    :    0 (   0 filtered)

